<?xml version="1.0" encoding="UTF-8"?>
<!-- Generated by org.testng.reporters.JUnitReportReporter -->
<testsuite hostname="DESKTOP-KNVN59F" failures="0" tests="4" name="com.Utils.Data" time="0.069" errors="0" timestamp="2023-04-10T16:42:29 IST" skipped="0">
  <testcase classname="com.Utils.Data" name="main" time="0.043"/>
  <system-out/>
  <testcase classname="com.Utils.Data" name="main" time="0.010"/>
  <system-out/>
  <testcase classname="com.Utils.Data" name="main" time="0.008"/>
  <system-out/>
  <testcase classname="com.Utils.Data" name="main" time="0.008"/>
  <system-out/>
</testsuite> <!-- com.Utils.Data -->
