<?xml version="1.0" encoding="UTF-8"?>
<!-- Generated by org.testng.reporters.JUnitReportReporter -->
<testsuite hostname="DESKTOP-KNVN59F" failures="0" tests="1" name="testCases.Registration_TC001" time="5.934" errors="0" timestamp="2023-04-10T15:00:02 IST" skipped="0">
  <testcase classname="testCases.Registration_TC001" name="registerNewUser" time="5.934"/>
  <system-out/>
</testsuite> <!-- testCases.Registration_TC001 -->
