<?xml version="1.0" encoding="UTF-8"?>
<!-- Generated by org.testng.reporters.JUnitReportReporter -->
<testsuite hostname="DESKTOP-KNVN59F" failures="0" tests="4" name="testCases.LoginPage_TC002" time="30.505" errors="0" timestamp="2023-04-10T17:29:28 IST" skipped="0">
  <testcase classname="testCases.LoginPage_TC002" name="loginTest" time="21.424"/>
  <system-out/>
  <testcase classname="testCases.LoginPage_TC002" name="loginTest" time="3.239"/>
  <system-out/>
  <testcase classname="testCases.LoginPage_TC002" name="loginTest" time="2.429"/>
  <system-out/>
  <testcase classname="testCases.LoginPage_TC002" name="loginTest" time="3.413"/>
  <system-out/>
</testsuite> <!-- testCases.LoginPage_TC002 -->
